This file contains any messages produced by compilers while
running configure, to aid debugging if configure makes a mistake.

It was created by jansson configure 2.11, which was
generated by GNU Autoconf 2.69.  Invocation command line was

  $ ./configure --disable-option-checking --prefix=/usr/local --cache-file=/dev/null --srcdir=. --no-create --no-recursion

## --------- ##
## Platform. ##
## --------- ##

hostname = apple
uname -m = x86_64
uname -r = 4.15.0-42-generic
uname -s = Linux
uname -v = #45-Ubuntu SMP Thu Nov 15 19:32:57 UTC 2018

/usr/bin/uname -p = unknown
/bin/uname -X     = unknown

/bin/arch              = unknown
/usr/bin/arch -k       = unknown
/usr/convex/getsysinfo = unknown
/usr/bin/hostinfo      = unknown
/bin/machine           = unknown
/usr/bin/oslevel       = unknown
/bin/universe          = unknown

PATH: /home/licg/download/go/bin
PATH: /home/licg/bin
PATH: /home/licg/.local/bin
PATH: /home/licg/download/go/bin
PATH: /home/licg/bin
PATH: /home/licg/.local/bin
PATH: /usr/local/sbin
PATH: /usr/local/bin
PATH: /usr/sbin
PATH: /usr/bin
PATH: /sbin
PATH: /bin
PATH: /usr/games
PATH: /usr/local/games
PATH: $ARM_GCC_HOME/bin
PATH: /snap/bin
PATH: /home/licg/ct-ng/x-tools/arm-cortexa9_neon-linux-gnueabihf/bin
PATH: /opt/gcc-linaro-5.4.1/bin
PATH: /home/licg/ct-ng/x-tools/arm-cortexa9_neon-linux-gnueabihf/bin
PATH: /opt/gcc-linaro-5.4.1/bin


## ----------- ##
## Core tests. ##
## ----------- ##

configure:2407: checking for a BSD-compatible install
configure:2475: result: /usr/bin/install -c
configure:2486: checking whether build environment is sane
configure:2541: result: yes
configure:2692: checking for a thread-safe mkdir -p
configure:2731: result: /bin/mkdir -p
configure:2738: checking for gawk
configure:2754: found /usr/bin/gawk
configure:2765: result: gawk
configure:2776: checking whether make sets $(MAKE)
configure:2798: result: yes
configure:2827: checking whether make supports nested variables
configure:2844: result: yes
configure:3024: checking for gcc
configure:3040: found /usr/bin/gcc
configure:3051: result: gcc
configure:3280: checking for C compiler version
configure:3289: gcc --version >&5
gcc (Ubuntu 7.3.0-27ubuntu1~18.04) 7.3.0
Copyright (C) 2017 Free Software Foundation, Inc.
This is free software; see the source for copying conditions.  There is NO
warranty; not even for MERCHANTABILITY or FITNESS FOR A PARTICULAR PURPOSE.

configure:3300: $? = 0
configure:3289: gcc -v >&5
Using built-in specs.
COLLECT_GCC=gcc
COLLECT_LTO_WRAPPER=/usr/lib/gcc/x86_64-linux-gnu/7/lto-wrapper
OFFLOAD_TARGET_NAMES=nvptx-none
OFFLOAD_TARGET_DEFAULT=1
Target: x86_64-linux-gnu
Configured with: ../src/configure -v --with-pkgversion='Ubuntu 7.3.0-27ubuntu1~18.04' --with-bugurl=file:///usr/share/doc/gcc-7/README.Bugs --enable-languages=c,ada,c++,go,brig,d,fortran,objc,obj-c++ --prefix=/usr --with-gcc-major-version-only --program-suffix=-7 --program-prefix=x86_64-linux-gnu- --enable-shared --enable-linker-build-id --libexecdir=/usr/lib --without-included-gettext --enable-threads=posix --libdir=/usr/lib --enable-nls --with-sysroot=/ --enable-clocale=gnu --enable-libstdcxx-debug --enable-libstdcxx-time=yes --with-default-libstdcxx-abi=new --enable-gnu-unique-object --disable-vtable-verify --enable-libmpx --enable-plugin --enable-default-pie --with-system-zlib --with-target-system-zlib --enable-objc-gc=auto --enable-multiarch --disable-werror --with-arch-32=i686 --with-abi=m64 --with-multilib-list=m32,m64,mx32 --enable-multilib --with-tune=generic --enable-offload-targets=nvptx-none --without-cuda-driver --enable-checking=release --build=x86_64-linux-gnu --host=x86_64-linux-gnu --target=x86_64-linux-gnu
Thread model: posix
gcc version 7.3.0 (Ubuntu 7.3.0-27ubuntu1~18.04) 
configure:3300: $? = 0
configure:3289: gcc -V >&5
gcc: error: unrecognized command line option '-V'
gcc: fatal error: no input files
compilation terminated.
configure:3300: $? = 1
configure:3289: gcc -qversion >&5
gcc: error: unrecognized command line option '-qversion'; did you mean '--version'?
gcc: fatal error: no input files
compilation terminated.
configure:3300: $? = 1
configure:3320: checking whether the C compiler works
configure:3342: gcc    conftest.c  >&5
configure:3346: $? = 0
configure:3394: result: yes
configure:3397: checking for C compiler default output file name
configure:3399: result: a.out
configure:3405: checking for suffix of executables
configure:3412: gcc -o conftest    conftest.c  >&5
configure:3416: $? = 0
configure:3438: result: 
configure:3460: checking whether we are cross compiling
configure:3468: gcc -o conftest    conftest.c  >&5
configure:3472: $? = 0
configure:3479: ./conftest
configure:3483: $? = 0
configure:3498: result: no
configure:3503: checking for suffix of object files
configure:3525: gcc -c   conftest.c >&5
configure:3529: $? = 0
configure:3550: result: o
configure:3554: checking whether we are using the GNU C compiler
configure:3573: gcc -c   conftest.c >&5
configure:3573: $? = 0
configure:3582: result: yes
configure:3591: checking whether gcc accepts -g
configure:3611: gcc -c -g  conftest.c >&5
configure:3611: $? = 0
configure:3652: result: yes
configure:3669: checking for gcc option to accept ISO C89
configure:3732: gcc  -c -g -O2  conftest.c >&5
configure:3732: $? = 0
configure:3745: result: none needed
configure:3770: checking whether gcc understands -c and -o together
configure:3792: gcc -c conftest.c -o conftest2.o
configure:3795: $? = 0
configure:3792: gcc -c conftest.c -o conftest2.o
configure:3795: $? = 0
configure:3807: result: yes
configure:3827: checking whether make supports the include directive
configure:3842: make -f confmf.GNU && cat confinc.out
make[4]: Entering directory '/home/licg/github/transfer/libs/jansson-2.11'
make[4]: Leaving directory '/home/licg/github/transfer/libs/jansson-2.11'
this is the am__doit target
configure:3845: $? = 0
configure:3864: result: yes (GNU style)
configure:3889: checking dependency style of gcc
configure:4000: result: gcc3
configure:4044: checking build system type
configure:4058: result: x86_64-pc-linux-gnu
configure:4078: checking host system type
configure:4091: result: x86_64-pc-linux-gnu
configure:4132: checking how to print strings
configure:4159: result: printf
configure:4180: checking for a sed that does not truncate output
configure:4244: result: /bin/sed
configure:4262: checking for grep that handles long lines and -e
configure:4320: result: /bin/grep
configure:4325: checking for egrep
configure:4387: result: /bin/grep -E
configure:4392: checking for fgrep
configure:4454: result: /bin/grep -F
configure:4489: checking for ld used by gcc
configure:4556: result: /usr/bin/ld
configure:4563: checking if the linker (/usr/bin/ld) is GNU ld
configure:4578: result: yes
configure:4590: checking for BSD- or MS-compatible name lister (nm)
configure:4644: result: /usr/bin/nm -B
configure:4774: checking the name lister (/usr/bin/nm -B) interface
configure:4781: gcc -c -g -O2  conftest.c >&5
configure:4784: /usr/bin/nm -B "conftest.o"
configure:4787: output
0000000000000000 B some_variable
configure:4794: result: BSD nm
configure:4797: checking whether ln -s works
configure:4801: result: yes
configure:4809: checking the maximum length of command line arguments
configure:4940: result: 1572864
configure:4988: checking how to convert x86_64-pc-linux-gnu file names to x86_64-pc-linux-gnu format
configure:5028: result: func_convert_file_noop
configure:5035: checking how to convert x86_64-pc-linux-gnu file names to toolchain format
configure:5055: result: func_convert_file_noop
configure:5062: checking for /usr/bin/ld option to reload object files
configure:5069: result: -r
configure:5143: checking for objdump
configure:5159: found /usr/bin/objdump
configure:5170: result: objdump
configure:5202: checking how to recognize dependent libraries
configure:5402: result: pass_all
configure:5487: checking for dlltool
configure:5517: result: no
configure:5547: checking how to associate runtime and link libraries
configure:5574: result: printf %s\n
configure:5635: checking for ar
configure:5651: found /usr/bin/ar
configure:5662: result: ar
configure:5699: checking for archiver @FILE support
configure:5716: gcc -c -g -O2  conftest.c >&5
configure:5716: $? = 0
configure:5719: ar cru libconftest.a @conftest.lst >&5
ar: `u' modifier ignored since `D' is the default (see `U')
configure:5722: $? = 0
configure:5727: ar cru libconftest.a @conftest.lst >&5
ar: `u' modifier ignored since `D' is the default (see `U')
ar: conftest.o: No such file or directory
configure:5730: $? = 1
configure:5742: result: @
configure:5800: checking for strip
configure:5816: found /usr/bin/strip
configure:5827: result: strip
configure:5899: checking for ranlib
configure:5915: found /usr/bin/ranlib
configure:5926: result: ranlib
configure:6028: checking command to parse /usr/bin/nm -B output from gcc object
configure:6181: gcc -c -g -O2  conftest.c >&5
configure:6184: $? = 0
configure:6188: /usr/bin/nm -B conftest.o \| sed -n -e 's/^.*[ ]\([ABCDGIRSTW][ABCDGIRSTW]*\)[ ][ ]*\([_A-Za-z][_A-Za-z0-9]*\)$/\1 \2 \2/p' | sed '/ __gnu_lto/d' \> conftest.nm
configure:6191: $? = 0
configure:6257: gcc -o conftest -g -O2   conftest.c conftstm.o >&5
configure:6260: $? = 0
configure:6298: result: ok
configure:6345: checking for sysroot
configure:6375: result: no
configure:6382: checking for a working dd
configure:6420: result: /bin/dd
configure:6424: checking how to truncate binary pipes
configure:6439: result: /bin/dd bs=4096 count=1
configure:6575: gcc -c -g -O2  conftest.c >&5
configure:6578: $? = 0
configure:6768: checking for mt
configure:6784: found /bin/mt
configure:6795: result: mt
configure:6818: checking if mt is a manifest tool
configure:6824: mt '-?'
configure:6832: result: no
configure:7509: checking how to run the C preprocessor
configure:7540: gcc -E  conftest.c
configure:7540: $? = 0
configure:7554: gcc -E  conftest.c
conftest.c:11:10: fatal error: ac_nonexistent.h: No such file or directory
 #include <ac_nonexistent.h>
          ^~~~~~~~~~~~~~~~~~
compilation terminated.
configure:7554: $? = 1
configure: failed program was:
| /* confdefs.h */
| #define PACKAGE_NAME "jansson"
| #define PACKAGE_TARNAME "jansson"
| #define PACKAGE_VERSION "2.11"
| #define PACKAGE_STRING "jansson 2.11"
| #define PACKAGE_BUGREPORT "petri@digip.org"
| #define PACKAGE_URL ""
| #define PACKAGE "jansson"
| #define VERSION "2.11"
| /* end confdefs.h.  */
| #include <ac_nonexistent.h>
configure:7579: result: gcc -E
configure:7599: gcc -E  conftest.c
configure:7599: $? = 0
configure:7613: gcc -E  conftest.c
conftest.c:11:10: fatal error: ac_nonexistent.h: No such file or directory
 #include <ac_nonexistent.h>
          ^~~~~~~~~~~~~~~~~~
compilation terminated.
configure:7613: $? = 1
configure: failed program was:
| /* confdefs.h */
| #define PACKAGE_NAME "jansson"
| #define PACKAGE_TARNAME "jansson"
| #define PACKAGE_VERSION "2.11"
| #define PACKAGE_STRING "jansson 2.11"
| #define PACKAGE_BUGREPORT "petri@digip.org"
| #define PACKAGE_URL ""
| #define PACKAGE "jansson"
| #define VERSION "2.11"
| /* end confdefs.h.  */
| #include <ac_nonexistent.h>
configure:7642: checking for ANSI C header files
configure:7662: gcc -c -g -O2  conftest.c >&5
configure:7662: $? = 0
configure:7735: gcc -o conftest -g -O2   conftest.c  >&5
configure:7735: $? = 0
configure:7735: ./conftest
configure:7735: $? = 0
configure:7746: result: yes
configure:7759: checking for sys/types.h
configure:7759: gcc -c -g -O2  conftest.c >&5
configure:7759: $? = 0
configure:7759: result: yes
configure:7759: checking for sys/stat.h
configure:7759: gcc -c -g -O2  conftest.c >&5
configure:7759: $? = 0
configure:7759: result: yes
configure:7759: checking for stdlib.h
configure:7759: gcc -c -g -O2  conftest.c >&5
configure:7759: $? = 0
configure:7759: result: yes
configure:7759: checking for string.h
configure:7759: gcc -c -g -O2  conftest.c >&5
configure:7759: $? = 0
configure:7759: result: yes
configure:7759: checking for memory.h
configure:7759: gcc -c -g -O2  conftest.c >&5
configure:7759: $? = 0
configure:7759: result: yes
configure:7759: checking for strings.h
configure:7759: gcc -c -g -O2  conftest.c >&5
configure:7759: $? = 0
configure:7759: result: yes
configure:7759: checking for inttypes.h
configure:7759: gcc -c -g -O2  conftest.c >&5
configure:7759: $? = 0
configure:7759: result: yes
configure:7759: checking for stdint.h
configure:7759: gcc -c -g -O2  conftest.c >&5
configure:7759: $? = 0
configure:7759: result: yes
configure:7759: checking for unistd.h
configure:7759: gcc -c -g -O2  conftest.c >&5
configure:7759: $? = 0
configure:7759: result: yes
configure:7773: checking for dlfcn.h
configure:7773: gcc -c -g -O2  conftest.c >&5
configure:7773: $? = 0
configure:7773: result: yes
configure:8029: checking for objdir
configure:8044: result: .libs
configure:8304: checking if gcc supports -fno-rtti -fno-exceptions
configure:8322: gcc -c -g -O2  -fno-rtti -fno-exceptions conftest.c >&5
cc1: warning: command line option '-fno-rtti' is valid for C++/ObjC++ but not for C
configure:8326: $? = 0
configure:8339: result: no
configure:8697: checking for gcc option to produce PIC
configure:8704: result: -fPIC -DPIC
configure:8712: checking if gcc PIC flag -fPIC -DPIC works
configure:8730: gcc -c -g -O2  -fPIC -DPIC -DPIC conftest.c >&5
configure:8734: $? = 0
configure:8747: result: yes
configure:8776: checking if gcc static flag -static works
configure:8804: result: yes
configure:8819: checking if gcc supports -c -o file.o
configure:8840: gcc -c -g -O2  -o out/conftest2.o conftest.c >&5
configure:8844: $? = 0
configure:8866: result: yes
configure:8874: checking if gcc supports -c -o file.o
configure:8921: result: yes
configure:8954: checking whether the gcc linker (/usr/bin/ld -m elf_x86_64) supports shared libraries
configure:10217: result: yes
configure:10254: checking whether -lc should be explicitly linked in
configure:10262: gcc -c -g -O2  conftest.c >&5
configure:10265: $? = 0
configure:10280: gcc -shared  -fPIC -DPIC conftest.o  -v -Wl,-soname -Wl,conftest -o conftest 2\>\&1 \| /bin/grep  -lc  \>/dev/null 2\>\&1
configure:10283: $? = 0
configure:10297: result: no
configure:10457: checking dynamic linker characteristics
configure:11038: gcc -o conftest -g -O2   -Wl,-rpath -Wl,/foo conftest.c  >&5
configure:11038: $? = 0
configure:11287: result: GNU/Linux ld.so
configure:11409: checking how to hardcode library paths into programs
configure:11434: result: immediate
configure:11982: checking whether stripping libraries is possible
configure:11987: result: yes
configure:12022: checking if libtool supports shared libraries
configure:12024: result: yes
configure:12027: checking whether to build shared libraries
configure:12052: result: yes
configure:12055: checking whether to build static libraries
configure:12059: result: yes
configure:12111: checking endian.h usability
configure:12111: gcc -c -g -O2  conftest.c >&5
configure:12111: $? = 0
configure:12111: result: yes
configure:12111: checking endian.h presence
configure:12111: gcc -E  conftest.c
configure:12111: $? = 0
configure:12111: result: yes
configure:12111: checking for endian.h
configure:12111: result: yes
configure:12111: checking fcntl.h usability
configure:12111: gcc -c -g -O2  conftest.c >&5
configure:12111: $? = 0
configure:12111: result: yes
configure:12111: checking fcntl.h presence
configure:12111: gcc -E  conftest.c
configure:12111: $? = 0
configure:12111: result: yes
configure:12111: checking for fcntl.h
configure:12111: result: yes
configure:12111: checking locale.h usability
configure:12111: gcc -c -g -O2  conftest.c >&5
configure:12111: $? = 0
configure:12111: result: yes
configure:12111: checking locale.h presence
configure:12111: gcc -E  conftest.c
configure:12111: $? = 0
configure:12111: result: yes
configure:12111: checking for locale.h
configure:12111: result: yes
configure:12111: checking sched.h usability
configure:12111: gcc -c -g -O2  conftest.c >&5
configure:12111: $? = 0
configure:12111: result: yes
configure:12111: checking sched.h presence
configure:12111: gcc -E  conftest.c
configure:12111: $? = 0
configure:12111: result: yes
configure:12111: checking for sched.h
configure:12111: result: yes
configure:12111: checking for unistd.h
configure:12111: result: yes
configure:12111: checking sys/param.h usability
configure:12111: gcc -c -g -O2  conftest.c >&5
configure:12111: $? = 0
configure:12111: result: yes
configure:12111: checking sys/param.h presence
configure:12111: gcc -E  conftest.c
configure:12111: $? = 0
configure:12111: result: yes
configure:12111: checking for sys/param.h
configure:12111: result: yes
configure:12111: checking for sys/stat.h
configure:12111: result: yes
configure:12111: checking sys/time.h usability
configure:12111: gcc -c -g -O2  conftest.c >&5
configure:12111: $? = 0
configure:12111: result: yes
configure:12111: checking sys/time.h presence
configure:12111: gcc -E  conftest.c
configure:12111: $? = 0
configure:12111: result: yes
configure:12111: checking for sys/time.h
configure:12111: result: yes
configure:12111: checking for sys/types.h
configure:12111: result: yes
configure:12123: checking for int32_t
configure:12123: gcc -c -g -O2  conftest.c >&5
configure:12123: $? = 0
configure:12123: gcc -c -g -O2  conftest.c >&5
conftest.c: In function 'main':
conftest.c:70:53: warning: integer overflow in expression [-Woverflow]
    < (int32_t) (((((int32_t) 1 << N) << N) - 1) * 2 + 2))];
                                                     ^
conftest.c:69:12: error: storage size of 'test_array' isn't constant
 static int test_array [1 - 2 * !((int32_t) (((((int32_t) 1 << N) << N) - 1) * 2 + 1)
            ^~~~~~~~~~
configure:12123: $? = 1
configure: failed program was:
| /* confdefs.h */
| #define PACKAGE_NAME "jansson"
| #define PACKAGE_TARNAME "jansson"
| #define PACKAGE_VERSION "2.11"
| #define PACKAGE_STRING "jansson 2.11"
| #define PACKAGE_BUGREPORT "petri@digip.org"
| #define PACKAGE_URL ""
| #define PACKAGE "jansson"
| #define VERSION "2.11"
| #define STDC_HEADERS 1
| #define HAVE_SYS_TYPES_H 1
| #define HAVE_SYS_STAT_H 1
| #define HAVE_STDLIB_H 1
| #define HAVE_STRING_H 1
| #define HAVE_MEMORY_H 1
| #define HAVE_STRINGS_H 1
| #define HAVE_INTTYPES_H 1
| #define HAVE_STDINT_H 1
| #define HAVE_UNISTD_H 1
| #define HAVE_DLFCN_H 1
| #define LT_OBJDIR ".libs/"
| #define HAVE_ENDIAN_H 1
| #define HAVE_FCNTL_H 1
| #define HAVE_LOCALE_H 1
| #define HAVE_SCHED_H 1
| #define HAVE_UNISTD_H 1
| #define HAVE_SYS_PARAM_H 1
| #define HAVE_SYS_STAT_H 1
| #define HAVE_SYS_TIME_H 1
| #define HAVE_SYS_TYPES_H 1
| /* end confdefs.h.  */
| #include <stdio.h>
| #ifdef HAVE_SYS_TYPES_H
| # include <sys/types.h>
| #endif
| #ifdef HAVE_SYS_STAT_H
| # include <sys/stat.h>
| #endif
| #ifdef STDC_HEADERS
| # include <stdlib.h>
| # include <stddef.h>
| #else
| # ifdef HAVE_STDLIB_H
| #  include <stdlib.h>
| # endif
| #endif
| #ifdef HAVE_STRING_H
| # if !defined STDC_HEADERS && defined HAVE_MEMORY_H
| #  include <memory.h>
| # endif
| # include <string.h>
| #endif
| #ifdef HAVE_STRINGS_H
| # include <strings.h>
| #endif
| #ifdef HAVE_INTTYPES_H
| # include <inttypes.h>
| #endif
| #ifdef HAVE_STDINT_H
| # include <stdint.h>
| #endif
| #ifdef HAVE_UNISTD_H
| # include <unistd.h>
| #endif
| 	        enum { N = 32 / 2 - 1 };
| int
| main ()
| {
| static int test_array [1 - 2 * !((int32_t) (((((int32_t) 1 << N) << N) - 1) * 2 + 1)
| 		 < (int32_t) (((((int32_t) 1 << N) << N) - 1) * 2 + 2))];
| test_array [0] = 0;
| return test_array [0];
| 
|   ;
|   return 0;
| }
configure:12123: result: yes
configure:12134: checking for uint32_t
configure:12134: gcc -c -g -O2  conftest.c >&5
configure:12134: $? = 0
configure:12134: result: yes
configure:12148: checking for uint16_t
configure:12148: gcc -c -g -O2  conftest.c >&5
configure:12148: $? = 0
configure:12148: result: yes
configure:12160: checking for uint8_t
configure:12160: gcc -c -g -O2  conftest.c >&5
configure:12160: $? = 0
configure:12160: result: yes
configure:12175: checking for unsigned long long int
configure:12214: gcc -o conftest -g -O2   conftest.c  >&5
configure:12214: $? = 0
configure:12223: result: yes
configure:12233: checking for long long int
configure:12271: gcc -o conftest -g -O2   conftest.c  >&5
configure:12271: $? = 0
configure:12271: ./conftest
configure:12271: $? = 0
configure:12283: result: yes
configure:12292: checking for inline
configure:12308: gcc -c -g -O2  conftest.c >&5
configure:12308: $? = 0
configure:12316: result: inline
configure:12345: checking for close
configure:12345: gcc -o conftest -g -O2   conftest.c  >&5
configure:12345: $? = 0
configure:12345: result: yes
configure:12345: checking for getpid
configure:12345: gcc -o conftest -g -O2   conftest.c  >&5
configure:12345: $? = 0
configure:12345: result: yes
configure:12345: checking for gettimeofday
configure:12345: gcc -o conftest -g -O2   conftest.c  >&5
configure:12345: $? = 0
configure:12345: result: yes
configure:12345: checking for localeconv
configure:12345: gcc -o conftest -g -O2   conftest.c  >&5
configure:12345: $? = 0
configure:12345: result: yes
configure:12345: checking for open
configure:12345: gcc -o conftest -g -O2   conftest.c  >&5
configure:12345: $? = 0
configure:12345: result: yes
configure:12345: checking for read
configure:12345: gcc -o conftest -g -O2   conftest.c  >&5
configure:12345: $? = 0
configure:12345: result: yes
configure:12345: checking for sched_yield
configure:12345: gcc -o conftest -g -O2   conftest.c  >&5
configure:12345: $? = 0
configure:12345: result: yes
configure:12345: checking for strtoll
configure:12345: gcc -o conftest -g -O2   conftest.c  >&5
configure:12345: $? = 0
configure:12345: result: yes
configure:12355: checking for gcc __sync builtins
configure:12369: gcc -o conftest -g -O2   conftest.c  >&5
configure:12369: $? = 0
configure:12383: result: yes
configure:12386: checking for gcc __atomic builtins
configure:12400: gcc -o conftest -g -O2   conftest.c  >&5
configure:12400: $? = 0
configure:12414: result: yes
configure:12587: checking that generated files are newer than configure
configure:12593: result: done
configure:12620: creating ./config.status

## ---------------- ##
## Cache variables. ##
## ---------------- ##

ac_cv_build=x86_64-pc-linux-gnu
ac_cv_c_compiler_gnu=yes
ac_cv_c_inline=inline
ac_cv_c_int32_t=yes
ac_cv_c_uint16_t=yes
ac_cv_c_uint32_t=yes
ac_cv_c_uint8_t=yes
ac_cv_env_CC_set=
ac_cv_env_CC_value=
ac_cv_env_CFLAGS_set=
ac_cv_env_CFLAGS_value=
ac_cv_env_CPPFLAGS_set=
ac_cv_env_CPPFLAGS_value=
ac_cv_env_CPP_set=
ac_cv_env_CPP_value=
ac_cv_env_LDFLAGS_set=
ac_cv_env_LDFLAGS_value=
ac_cv_env_LIBS_set=
ac_cv_env_LIBS_value=
ac_cv_env_LT_SYS_LIBRARY_PATH_set=
ac_cv_env_LT_SYS_LIBRARY_PATH_value=
ac_cv_env_build_alias_set=
ac_cv_env_build_alias_value=
ac_cv_env_host_alias_set=
ac_cv_env_host_alias_value=
ac_cv_env_target_alias_set=
ac_cv_env_target_alias_value=
ac_cv_func_close=yes
ac_cv_func_getpid=yes
ac_cv_func_gettimeofday=yes
ac_cv_func_localeconv=yes
ac_cv_func_open=yes
ac_cv_func_read=yes
ac_cv_func_sched_yield=yes
ac_cv_func_strtoll=yes
ac_cv_header_dlfcn_h=yes
ac_cv_header_endian_h=yes
ac_cv_header_fcntl_h=yes
ac_cv_header_inttypes_h=yes
ac_cv_header_locale_h=yes
ac_cv_header_memory_h=yes
ac_cv_header_sched_h=yes
ac_cv_header_stdc=yes
ac_cv_header_stdint_h=yes
ac_cv_header_stdlib_h=yes
ac_cv_header_string_h=yes
ac_cv_header_strings_h=yes
ac_cv_header_sys_param_h=yes
ac_cv_header_sys_stat_h=yes
ac_cv_header_sys_time_h=yes
ac_cv_header_sys_types_h=yes
ac_cv_header_unistd_h=yes
ac_cv_host=x86_64-pc-linux-gnu
ac_cv_objext=o
ac_cv_path_EGREP='/bin/grep -E'
ac_cv_path_FGREP='/bin/grep -F'
ac_cv_path_GREP=/bin/grep
ac_cv_path_SED=/bin/sed
ac_cv_path_install='/usr/bin/install -c'
ac_cv_path_lt_DD=/bin/dd
ac_cv_path_mkdir=/bin/mkdir
ac_cv_prog_AWK=gawk
ac_cv_prog_CPP='gcc -E'
ac_cv_prog_ac_ct_AR=ar
ac_cv_prog_ac_ct_CC=gcc
ac_cv_prog_ac_ct_MANIFEST_TOOL=mt
ac_cv_prog_ac_ct_OBJDUMP=objdump
ac_cv_prog_ac_ct_RANLIB=ranlib
ac_cv_prog_ac_ct_STRIP=strip
ac_cv_prog_cc_c89=
ac_cv_prog_cc_g=yes
ac_cv_prog_make_make_set=yes
ac_cv_type_long_long_int=yes
ac_cv_type_unsigned_long_long_int=yes
am_cv_CC_dependencies_compiler_type=gcc3
am_cv_make_support_nested_variables=yes
am_cv_prog_cc_c_o=yes
lt_cv_ar_at_file=@
lt_cv_archive_cmds_need_lc=no
lt_cv_deplibs_check_method=pass_all
lt_cv_file_magic_cmd='$MAGIC_CMD'
lt_cv_file_magic_test_file=
lt_cv_ld_reload_flag=-r
lt_cv_nm_interface='BSD nm'
lt_cv_objdir=.libs
lt_cv_path_LD=/usr/bin/ld
lt_cv_path_NM='/usr/bin/nm -B'
lt_cv_path_mainfest_tool=no
lt_cv_prog_compiler_c_o=yes
lt_cv_prog_compiler_pic='-fPIC -DPIC'
lt_cv_prog_compiler_pic_works=yes
lt_cv_prog_compiler_rtti_exceptions=no
lt_cv_prog_compiler_static_works=yes
lt_cv_prog_gnu_ld=yes
lt_cv_sharedlib_from_linklib_cmd='printf %s\n'
lt_cv_shlibpath_overrides_runpath=yes
lt_cv_sys_global_symbol_pipe='sed -n -e '\''s/^.*[	 ]\([ABCDGIRSTW][ABCDGIRSTW]*\)[	 ][	 ]*\([_A-Za-z][_A-Za-z0-9]*\)$/\1 \2 \2/p'\'' | sed '\''/ __gnu_lto/d'\'''
lt_cv_sys_global_symbol_to_c_name_address='sed -n -e '\''s/^: \(.*\) .*$/  {"\1", (void *) 0},/p'\'' -e '\''s/^[ABCDGIRSTW][ABCDGIRSTW]* .* \(.*\)$/  {"\1", (void *) \&\1},/p'\'''
lt_cv_sys_global_symbol_to_c_name_address_lib_prefix='sed -n -e '\''s/^: \(.*\) .*$/  {"\1", (void *) 0},/p'\'' -e '\''s/^[ABCDGIRSTW][ABCDGIRSTW]* .* \(lib.*\)$/  {"\1", (void *) \&\1},/p'\'' -e '\''s/^[ABCDGIRSTW][ABCDGIRSTW]* .* \(.*\)$/  {"lib\1", (void *) \&\1},/p'\'''
lt_cv_sys_global_symbol_to_cdecl='sed -n -e '\''s/^T .* \(.*\)$/extern int \1();/p'\'' -e '\''s/^[ABCDGIRSTW][ABCDGIRSTW]* .* \(.*\)$/extern char \1;/p'\'''
lt_cv_sys_global_symbol_to_import=
lt_cv_sys_max_cmd_len=1572864
lt_cv_to_host_file_cmd=func_convert_file_noop
lt_cv_to_tool_file_cmd=func_convert_file_noop
lt_cv_truncate_bin='/bin/dd bs=4096 count=1'

## ----------------- ##
## Output variables. ##
## ----------------- ##

ACLOCAL='${SHELL} /home/licg/github/transfer/libs/jansson-2.11/missing aclocal-1.16'
AMDEPBACKSLASH='\'
AMDEP_FALSE='#'
AMDEP_TRUE=''
AMTAR='$${TAR-tar}'
AM_BACKSLASH='\'
AM_CFLAGS='-Wall -Wextra -Wdeclaration-after-statement'
AM_DEFAULT_V='$(AM_DEFAULT_VERBOSITY)'
AM_DEFAULT_VERBOSITY='1'
AM_V='$(V)'
AR='ar'
AUTOCONF='${SHELL} /home/licg/github/transfer/libs/jansson-2.11/missing autoconf'
AUTOHEADER='${SHELL} /home/licg/github/transfer/libs/jansson-2.11/missing autoheader'
AUTOMAKE='${SHELL} /home/licg/github/transfer/libs/jansson-2.11/missing automake-1.16'
AWK='gawk'
CC='gcc'
CCDEPMODE='depmode=gcc3'
CFLAGS='-g -O2'
CPP='gcc -E'
CPPFLAGS=''
CYGPATH_W='echo'
DEFS='-DHAVE_CONFIG_H'
DEPDIR='.deps'
DLLTOOL='false'
DSYMUTIL=''
DUMPBIN=''
ECHO_C=''
ECHO_N='-n'
ECHO_T=''
EGREP='/bin/grep -E'
EXEEXT=''
FGREP='/bin/grep -F'
GCC_FALSE='#'
GCC_TRUE=''
GREP='/bin/grep'
INSTALL_DATA='${INSTALL} -m 644'
INSTALL_PROGRAM='${INSTALL}'
INSTALL_SCRIPT='${INSTALL}'
INSTALL_STRIP_PROGRAM='$(install_sh) -c -s'
LD='/usr/bin/ld -m elf_x86_64'
LDFLAGS=''
LIBOBJS=''
LIBS=''
LIBTOOL='$(SHELL) $(top_builddir)/libtool'
LIPO=''
LN_S='ln -s'
LTLIBOBJS=''
LT_SYS_LIBRARY_PATH=''
MAKEINFO='${SHELL} /home/licg/github/transfer/libs/jansson-2.11/missing makeinfo'
MANIFEST_TOOL=':'
MKDIR_P='/bin/mkdir -p'
NM='/usr/bin/nm -B'
NMEDIT=''
OBJDUMP='objdump'
OBJEXT='o'
OTOOL64=''
OTOOL=''
PACKAGE='jansson'
PACKAGE_BUGREPORT='petri@digip.org'
PACKAGE_NAME='jansson'
PACKAGE_STRING='jansson 2.11'
PACKAGE_TARNAME='jansson'
PACKAGE_URL=''
PACKAGE_VERSION='2.11'
PATH_SEPARATOR=':'
RANLIB='ranlib'
SED='/bin/sed'
SET_MAKE=''
SHELL='/bin/bash'
STRIP='strip'
VERSION='2.11'
ac_ct_AR='ar'
ac_ct_CC='gcc'
ac_ct_DUMPBIN=''
am__EXEEXT_FALSE=''
am__EXEEXT_TRUE='#'
am__fastdepCC_FALSE='#'
am__fastdepCC_TRUE=''
am__include='include'
am__isrc=''
am__leading_dot='.'
am__nodep='_no'
am__quote=''
am__tar='$${TAR-tar} chof - "$$tardir"'
am__untar='$${TAR-tar} xf -'
bindir='${exec_prefix}/bin'
build='x86_64-pc-linux-gnu'
build_alias=''
build_cpu='x86_64'
build_os='linux-gnu'
build_vendor='pc'
datadir='${datarootdir}'
datarootdir='${prefix}/share'
docdir='${datarootdir}/doc/${PACKAGE_TARNAME}'
dvidir='${docdir}'
exec_prefix='${prefix}'
host='x86_64-pc-linux-gnu'
host_alias=''
host_cpu='x86_64'
host_os='linux-gnu'
host_vendor='pc'
htmldir='${docdir}'
includedir='${prefix}/include'
infodir='${datarootdir}/info'
install_sh='${SHELL} /home/licg/github/transfer/libs/jansson-2.11/install-sh'
json_have_atomic_builtins='1'
json_have_localeconv='1'
json_have_long_long='1'
json_have_sync_builtins='1'
json_inline='inline'
libdir='${exec_prefix}/lib'
libexecdir='${exec_prefix}/libexec'
localedir='${datarootdir}/locale'
localstatedir='${prefix}/var'
mandir='${datarootdir}/man'
mkdir_p='$(MKDIR_P)'
oldincludedir='/usr/include'
pdfdir='${docdir}'
prefix='/usr/local'
program_transform_name='s,x,x,'
psdir='${docdir}'
sbindir='${exec_prefix}/sbin'
sharedstatedir='${prefix}/com'
sysconfdir='${prefix}/etc'
target_alias=''

## ----------- ##
## confdefs.h. ##
## ----------- ##

/* confdefs.h */
#define PACKAGE_NAME "jansson"
#define PACKAGE_TARNAME "jansson"
#define PACKAGE_VERSION "2.11"
#define PACKAGE_STRING "jansson 2.11"
#define PACKAGE_BUGREPORT "petri@digip.org"
#define PACKAGE_URL ""
#define PACKAGE "jansson"
#define VERSION "2.11"
#define STDC_HEADERS 1
#define HAVE_SYS_TYPES_H 1
#define HAVE_SYS_STAT_H 1
#define HAVE_STDLIB_H 1
#define HAVE_STRING_H 1
#define HAVE_MEMORY_H 1
#define HAVE_STRINGS_H 1
#define HAVE_INTTYPES_H 1
#define HAVE_STDINT_H 1
#define HAVE_UNISTD_H 1
#define HAVE_DLFCN_H 1
#define LT_OBJDIR ".libs/"
#define HAVE_ENDIAN_H 1
#define HAVE_FCNTL_H 1
#define HAVE_LOCALE_H 1
#define HAVE_SCHED_H 1
#define HAVE_UNISTD_H 1
#define HAVE_SYS_PARAM_H 1
#define HAVE_SYS_STAT_H 1
#define HAVE_SYS_TIME_H 1
#define HAVE_SYS_TYPES_H 1
#define HAVE_UNSIGNED_LONG_LONG_INT 1
#define HAVE_LONG_LONG_INT 1
#define HAVE_CLOSE 1
#define HAVE_GETPID 1
#define HAVE_GETTIMEOFDAY 1
#define HAVE_LOCALECONV 1
#define HAVE_OPEN 1
#define HAVE_READ 1
#define HAVE_SCHED_YIELD 1
#define HAVE_STRTOLL 1
#define HAVE_SYNC_BUILTINS 1
#define HAVE_ATOMIC_BUILTINS 1
#define USE_URANDOM 1
#define USE_WINDOWS_CRYPTOAPI 1
#define INITIAL_HASHTABLE_ORDER 3

configure: exit 0

## ---------------------- ##
## Running config.status. ##
## ---------------------- ##

This file was extended by jansson config.status 2.11, which was
generated by GNU Autoconf 2.69.  Invocation command line was

  CONFIG_FILES    = 
  CONFIG_HEADERS  = 
  CONFIG_LINKS    = 
  CONFIG_COMMANDS = 
  $ ./config.status 

on apple

config.status:1123: creating jansson.pc
config.status:1123: creating Makefile
config.status:1123: creating doc/Makefile
config.status:1123: creating src/Makefile
config.status:1123: creating src/jansson_config.h
config.status:1123: creating test/Makefile
config.status:1123: creating test/bin/Makefile
config.status:1123: creating test/suites/Makefile
config.status:1123: creating test/suites/api/Makefile
config.status:1123: creating jansson_private_config.h
config.status:1304: jansson_private_config.h is unchanged
config.status:1352: executing depfiles commands
config.status:1429: cd src       && sed -e '/# am--include-marker/d' Makefile         | make -f - am--depfiles
make[4]: Entering directory '/home/licg/github/transfer/libs/jansson-2.11/src'
make[4]: Nothing to be done for 'am--depfiles'.
make[4]: Leaving directory '/home/licg/github/transfer/libs/jansson-2.11/src'
config.status:1434: $? = 0
config.status:1429: cd test/bin       && sed -e '/# am--include-marker/d' Makefile         | make -f - am--depfiles
make[4]: Entering directory '/home/licg/github/transfer/libs/jansson-2.11/test/bin'
make[4]: Nothing to be done for 'am--depfiles'.
make[4]: Leaving directory '/home/licg/github/transfer/libs/jansson-2.11/test/bin'
config.status:1434: $? = 0
config.status:1429: cd test/suites/api       && sed -e '/# am--include-marker/d' Makefile         | make -f - am--depfiles
make[4]: Entering directory '/home/licg/github/transfer/libs/jansson-2.11/test/suites/api'
make[4]: Nothing to be done for 'am--depfiles'.
make[4]: Leaving directory '/home/licg/github/transfer/libs/jansson-2.11/test/suites/api'
config.status:1434: $? = 0
config.status:1352: executing libtool commands

## ---------------------- ##
## Running config.status. ##
## ---------------------- ##

This file was extended by jansson config.status 2.11, which was
generated by GNU Autoconf 2.69.  Invocation command line was

  CONFIG_FILES    = 
  CONFIG_HEADERS  = 
  CONFIG_LINKS    = 
  CONFIG_COMMANDS = 
  $ ./config.status jansson_private_config.h

on apple

config.status:1123: creating jansson_private_config.h
config.status:1304: jansson_private_config.h is unchanged
